Classic Timing Analyzer report for lab1
Mon Apr 13 11:56:00 2020
Quartus II Version 9.0 Build 132 02/25/2009 SJ Web Edition


---------------------
; Table of Contents ;
---------------------
  1. Legal Notice
  2. Timing Analyzer Summary
  3. Timing Analyzer Settings
  4. Clock Settings Summary
  5. Parallel Compilation
  6. Clock Setup: 'Clk'
  7. tco
  8. tpd
  9. Timing Analyzer Messages



----------------
; Legal Notice ;
----------------
Copyright (C) 1991-2009 Altera Corporation
Your use of Altera Corporation's design tools, logic functions 
and other software and tools, and its AMPP partner logic 
functions, and any output files from any of the foregoing 
(including device programming or simulation files), and any 
associated documentation or information are expressly subject 
to the terms and conditions of the Altera Program License 
Subscription Agreement, Altera MegaCore Function License 
Agreement, or other applicable license agreement, including, 
without limitation, that your use is for the sole purpose of 
programming logic devices manufactured by Altera and sold by 
Altera or its authorized distributors.  Please refer to the 
applicable agreement for further details.



+----------------------------------------------------------------------------------------------------------------------------------------------------------------------------------------------------------------+
; Timing Analyzer Summary                                                                                                                                                                                        ;
+------------------------------+-------+---------------+------------------------------------------------+--------------------------------+--------------------------------+------------+----------+--------------+
; Type                         ; Slack ; Required Time ; Actual Time                                    ; From                           ; To                             ; From Clock ; To Clock ; Failed Paths ;
+------------------------------+-------+---------------+------------------------------------------------+--------------------------------+--------------------------------+------------+----------+--------------+
; Worst-case tco               ; N/A   ; None          ; 7.260 ns                                       ; bit_3Counter:count|counters[0] ; Output                         ; Clk        ; --       ; 0            ;
; Worst-case tpd               ; N/A   ; None          ; 9.807 ns                                       ; Sel                            ; Output                         ; --         ; --       ; 0            ;
; Clock Setup: 'Clk'           ; N/A   ; None          ; Restricted to 275.03 MHz ( period = 3.636 ns ) ; bit_3Counter:count|counters[2] ; bit_3Counter:count|counters[2] ; Clk        ; Clk      ; 0            ;
; Total number of failed paths ;       ;               ;                                                ;                                ;                                ;            ;          ; 0            ;
+------------------------------+-------+---------------+------------------------------------------------+--------------------------------+--------------------------------+------------+----------+--------------+


+--------------------------------------------------------------------------------------------------------------------+
; Timing Analyzer Settings                                                                                           ;
+---------------------------------------------------------------------+--------------------+------+----+-------------+
; Option                                                              ; Setting            ; From ; To ; Entity Name ;
+---------------------------------------------------------------------+--------------------+------+----+-------------+
; Device Name                                                         ; EP1C3T144C8        ;      ;    ;             ;
; Timing Models                                                       ; Final              ;      ;    ;             ;
; Default hold multicycle                                             ; Same as Multicycle ;      ;    ;             ;
; Cut paths between unrelated clock domains                           ; On                 ;      ;    ;             ;
; Cut off read during write signal paths                              ; On                 ;      ;    ;             ;
; Cut off feedback from I/O pins                                      ; On                 ;      ;    ;             ;
; Report Combined Fast/Slow Timing                                    ; Off                ;      ;    ;             ;
; Ignore Clock Settings                                               ; Off                ;      ;    ;             ;
; Analyze latches as synchronous elements                             ; On                 ;      ;    ;             ;
; Enable Recovery/Removal analysis                                    ; Off                ;      ;    ;             ;
; Enable Clock Latency                                                ; Off                ;      ;    ;             ;
; Use TimeQuest Timing Analyzer                                       ; Off                ;      ;    ;             ;
; Minimum Core Junction Temperature                                   ; 0                  ;      ;    ;             ;
; Maximum Core Junction Temperature                                   ; 85                 ;      ;    ;             ;
; Number of source nodes to report per destination node               ; 10                 ;      ;    ;             ;
; Number of destination nodes to report                               ; 10                 ;      ;    ;             ;
; Number of paths to report                                           ; 200                ;      ;    ;             ;
; Report Minimum Timing Checks                                        ; Off                ;      ;    ;             ;
; Use Fast Timing Models                                              ; Off                ;      ;    ;             ;
; Report IO Paths Separately                                          ; Off                ;      ;    ;             ;
; Perform Multicorner Analysis                                        ; Off                ;      ;    ;             ;
; Reports the worst-case path for each clock domain and analysis      ; Off                ;      ;    ;             ;
; Removes common clock path pessimism (CCPP) during slack computation ; Off                ;      ;    ;             ;
; Output I/O Timing Endpoint                                          ; Near End           ;      ;    ;             ;
+---------------------------------------------------------------------+--------------------+------+----+-------------+


+------------------------------------------------------------------------------------------------------------------------------------------------------------------------------------+
; Clock Settings Summary                                                                                                                                                             ;
+-----------------+--------------------+----------+------------------+---------------+--------------+----------+-----------------------+---------------------+--------+--------------+
; Clock Node Name ; Clock Setting Name ; Type     ; Fmax Requirement ; Early Latency ; Late Latency ; Based on ; Multiply Base Fmax by ; Divide Base Fmax by ; Offset ; Phase offset ;
+-----------------+--------------------+----------+------------------+---------------+--------------+----------+-----------------------+---------------------+--------+--------------+
; Clk             ;                    ; User Pin ; None             ; 0.000 ns      ; 0.000 ns     ; --       ; N/A                   ; N/A                 ; N/A    ;              ;
+-----------------+--------------------+----------+------------------+---------------+--------------+----------+-----------------------+---------------------+--------+--------------+


Parallel compilation was disabled, but you have multiple processors available. Enable parallel compilation to reduce compilation time.
+-------------------------------------+
; Parallel Compilation                ;
+----------------------------+--------+
; Processors                 ; Number ;
+----------------------------+--------+
; Number detected on machine ; 2      ;
; Maximum allowed            ; 1      ;
+----------------------------+--------+


+--------------------------------------------------------------------------------------------------------------------------------------------------------------------------------------------------------------------------------------+
; Clock Setup: 'Clk'                                                                                                                                                                                                                   ;
+-------+------------------------------------------------+--------------------------------+--------------------------------+------------+----------+-----------------------------+---------------------------+-------------------------+
; Slack ; Actual fmax (period)                           ; From                           ; To                             ; From Clock ; To Clock ; Required Setup Relationship ; Required Longest P2P Time ; Actual Longest P2P Time ;
+-------+------------------------------------------------+--------------------------------+--------------------------------+------------+----------+-----------------------------+---------------------------+-------------------------+
; N/A   ; Restricted to 275.03 MHz ( period = 3.636 ns ) ; bit_3Counter:count|counters[2] ; bit_3Counter:count|counters[2] ; Clk        ; Clk      ; None                        ; None                      ; 1.132 ns                ;
; N/A   ; Restricted to 275.03 MHz ( period = 3.636 ns ) ; bit_3Counter:count|counters[1] ; bit_3Counter:count|counters[2] ; Clk        ; Clk      ; None                        ; None                      ; 1.031 ns                ;
; N/A   ; Restricted to 275.03 MHz ( period = 3.636 ns ) ; bit_3Counter:count|counters[1] ; bit_3Counter:count|counters[1] ; Clk        ; Clk      ; None                        ; None                      ; 1.026 ns                ;
; N/A   ; Restricted to 275.03 MHz ( period = 3.636 ns ) ; bit_3Counter:count|counters[0] ; bit_3Counter:count|counters[2] ; Clk        ; Clk      ; None                        ; None                      ; 0.874 ns                ;
; N/A   ; Restricted to 275.03 MHz ( period = 3.636 ns ) ; bit_3Counter:count|counters[0] ; bit_3Counter:count|counters[0] ; Clk        ; Clk      ; None                        ; None                      ; 0.869 ns                ;
; N/A   ; Restricted to 275.03 MHz ( period = 3.636 ns ) ; bit_3Counter:count|counters[0] ; bit_3Counter:count|counters[1] ; Clk        ; Clk      ; None                        ; None                      ; 0.869 ns                ;
+-------+------------------------------------------------+--------------------------------+--------------------------------+------------+----------+-----------------------------+---------------------------+-------------------------+


+------------------------------------------------------------------------------------------+
; tco                                                                                      ;
+-------+--------------+------------+--------------------------------+--------+------------+
; Slack ; Required tco ; Actual tco ; From                           ; To     ; From Clock ;
+-------+--------------+------------+--------------------------------+--------+------------+
; N/A   ; None         ; 7.260 ns   ; bit_3Counter:count|counters[0] ; Output ; Clk        ;
; N/A   ; None         ; 7.175 ns   ; bit_3Counter:count|counters[2] ; Output ; Clk        ;
+-------+--------------+------------+--------------------------------+--------+------------+


+-------------------------------------------------------------+
; tpd                                                         ;
+-------+-------------------+-----------------+------+--------+
; Slack ; Required P2P Time ; Actual P2P Time ; From ; To     ;
+-------+-------------------+-----------------+------+--------+
; N/A   ; None              ; 9.807 ns        ; Sel  ; Output ;
+-------+-------------------+-----------------+------+--------+


+--------------------------+
; Timing Analyzer Messages ;
+--------------------------+
Info: *******************************************************************
Info: Running Quartus II Classic Timing Analyzer
    Info: Version 9.0 Build 132 02/25/2009 SJ Web Edition
    Info: Processing started: Mon Apr 13 11:56:00 2020
Info: Command: quartus_tan --read_settings_files=off --write_settings_files=off lab1 -c lab1 --timing_analysis_only
Warning: Found pins functioning as undefined clocks and/or memory enables
    Info: Assuming node "Clk" is an undefined clock
Info: Clock "Clk" Internal fmax is restricted to 275.03 MHz between source register "bit_3Counter:count|counters[2]" and destination register "bit_3Counter:count|counters[2]"
    Info: fmax restricted to Clock High delay (1.818 ns) plus Clock Low delay (1.818 ns) : restricted to 3.636 ns. Expand message to see actual delay path.
        Info: + Longest register to register delay is 1.132 ns
            Info: 1: + IC(0.000 ns) + CELL(0.000 ns) = 0.000 ns; Loc. = LC_X1_Y10_N5; Fanout = 2; REG Node = 'bit_3Counter:count|counters[2]'
            Info: 2: + IC(0.525 ns) + CELL(0.607 ns) = 1.132 ns; Loc. = LC_X1_Y10_N5; Fanout = 2; REG Node = 'bit_3Counter:count|counters[2]'
            Info: Total cell delay = 0.607 ns ( 53.62 % )
            Info: Total interconnect delay = 0.525 ns ( 46.38 % )
        Info: - Smallest clock skew is 0.000 ns
            Info: + Shortest clock path from clock "Clk" to destination register is 2.768 ns
                Info: 1: + IC(0.000 ns) + CELL(1.469 ns) = 1.469 ns; Loc. = PIN_17; Fanout = 3; CLK Node = 'Clk'
                Info: 2: + IC(0.588 ns) + CELL(0.711 ns) = 2.768 ns; Loc. = LC_X1_Y10_N5; Fanout = 2; REG Node = 'bit_3Counter:count|counters[2]'
                Info: Total cell delay = 2.180 ns ( 78.76 % )
                Info: Total interconnect delay = 0.588 ns ( 21.24 % )
            Info: - Longest clock path from clock "Clk" to source register is 2.768 ns
                Info: 1: + IC(0.000 ns) + CELL(1.469 ns) = 1.469 ns; Loc. = PIN_17; Fanout = 3; CLK Node = 'Clk'
                Info: 2: + IC(0.588 ns) + CELL(0.711 ns) = 2.768 ns; Loc. = LC_X1_Y10_N5; Fanout = 2; REG Node = 'bit_3Counter:count|counters[2]'
                Info: Total cell delay = 2.180 ns ( 78.76 % )
                Info: Total interconnect delay = 0.588 ns ( 21.24 % )
        Info: + Micro clock to output delay of source is 0.224 ns
        Info: + Micro setup delay of destination is 0.037 ns
Info: tco from clock "Clk" to destination pin "Output" through register "bit_3Counter:count|counters[0]" is 7.260 ns
    Info: + Longest clock path from clock "Clk" to source register is 2.768 ns
        Info: 1: + IC(0.000 ns) + CELL(1.469 ns) = 1.469 ns; Loc. = PIN_17; Fanout = 3; CLK Node = 'Clk'
        Info: 2: + IC(0.588 ns) + CELL(0.711 ns) = 2.768 ns; Loc. = LC_X1_Y10_N3; Fanout = 4; REG Node = 'bit_3Counter:count|counters[0]'
        Info: Total cell delay = 2.180 ns ( 78.76 % )
        Info: Total interconnect delay = 0.588 ns ( 21.24 % )
    Info: + Micro clock to output delay of source is 0.224 ns
    Info: + Longest register to pin delay is 4.268 ns
        Info: 1: + IC(0.000 ns) + CELL(0.000 ns) = 0.000 ns; Loc. = LC_X1_Y10_N3; Fanout = 4; REG Node = 'bit_3Counter:count|counters[0]'
        Info: 2: + IC(0.760 ns) + CELL(0.292 ns) = 1.052 ns; Loc. = LC_X1_Y10_N6; Fanout = 1; COMB Node = 'ANDXOR:LogicFunction|Output~3'
        Info: 3: + IC(1.092 ns) + CELL(2.124 ns) = 4.268 ns; Loc. = PIN_7; Fanout = 0; PIN Node = 'Output'
        Info: Total cell delay = 2.416 ns ( 56.61 % )
        Info: Total interconnect delay = 1.852 ns ( 43.39 % )
Info: Longest tpd from source pin "Sel" to destination pin "Output" is 9.807 ns
    Info: 1: + IC(0.000 ns) + CELL(1.469 ns) = 1.469 ns; Loc. = PIN_5; Fanout = 1; PIN Node = 'Sel'
    Info: 2: + IC(5.008 ns) + CELL(0.114 ns) = 6.591 ns; Loc. = LC_X1_Y10_N6; Fanout = 1; COMB Node = 'ANDXOR:LogicFunction|Output~3'
    Info: 3: + IC(1.092 ns) + CELL(2.124 ns) = 9.807 ns; Loc. = PIN_7; Fanout = 0; PIN Node = 'Output'
    Info: Total cell delay = 3.707 ns ( 37.80 % )
    Info: Total interconnect delay = 6.100 ns ( 62.20 % )
Info: Quartus II Classic Timing Analyzer was successful. 0 errors, 1 warning
    Info: Peak virtual memory: 205 megabytes
    Info: Processing ended: Mon Apr 13 11:56:00 2020
    Info: Elapsed time: 00:00:00
    Info: Total CPU time (on all processors): 00:00:00


